[2022-03-12 11:03:10.988] [exthost] [info] Extension host with pid 13791 started
[2022-03-12 11:03:10.988] [exthost] [info] Skipping acquiring lock for /opt/lampp/htdocs/makint/~/.vscode-root/User/workspaceStorage/36ccad3f18a62e19407d5d1e5269cdec.
[2022-03-12 11:03:11.037] [exthost] [info] ExtensionService#_doActivateExtension vscode.debug-auto-launch, startup: true, activationEvent: '*'
[2022-03-12 11:03:11.038] [exthost] [info] ExtensionService#_doActivateExtension vscode.git-base, startup: true, activationEvent: '*', root cause: vscode.github
[2022-03-12 11:03:11.040] [exthost] [info] ExtensionService#_doActivateExtension vscode.ipynb, startup: true, activationEvent: '*'
[2022-03-12 11:03:11.051] [exthost] [info] ExtensionService#_doActivateExtension vscode.git, startup: true, activationEvent: '*'
[2022-03-12 11:03:11.060] [exthost] [info] ExtensionService#_doActivateExtension vscode.github, startup: true, activationEvent: '*'
[2022-03-12 11:03:11.074] [exthost] [info] ExtensionService#_doActivateExtension zobo.php-intellisense, startup: true, activationEvent: 'workspaceContains:**/*.php'
[2022-03-12 11:03:11.165] [exthost] [info] Eager extensions activated
[2022-03-12 11:03:11.203] [exthost] [info] ExtensionService#_doActivateExtension vscode.emmet, startup: false, activationEvent: 'onStartupFinished'
[2022-03-12 11:03:11.206] [exthost] [info] ExtensionService#_doActivateExtension vscode.merge-conflict, startup: false, activationEvent: 'onStartupFinished'
[2022-03-12 11:03:11.208] [exthost] [info] ExtensionService#_doActivateExtension PKief.material-icon-theme, startup: false, activationEvent: 'onStartupFinished'
[2022-03-12 11:03:24.512] [exthost] [info] ExtensionService#_doActivateExtension vscode.php-language-features, startup: false, activationEvent: 'onLanguage:php'
[2022-03-12 11:03:24.531] [exthost] [info] ExtensionService#_doActivateExtension bmewburn.vscode-intelephense-client, startup: false, activationEvent: 'onLanguage:php'
[2022-03-12 11:03:24.585] [exthost] [info] ExtensionService#_doActivateExtension rifi2k.format-html-in-php, startup: false, activationEvent: 'onLanguage:php'
[2022-03-12 11:49:31.623] [exthost] [error] [zobo.php-intellisense] provider FAILED
[2022-03-12 11:49:31.625] [exthost] [error] Error: name must not be falsy
	at Function.validate (/snap/code/91/usr/share/code/resources/app/out/vs/workbench/api/node/extensionHostProcess.js:76:103621)
	at new s (/snap/code/91/usr/share/code/resources/app/out/vs/workbench/api/node/extensionHostProcess.js:76:103570)
	at new s (/snap/code/91/usr/share/code/resources/app/out/vs/workbench/api/node/extensionHostProcess.js:76:90384)
	at asSymbolInformation (/root/.vscode/extensions/zobo.php-intellisense-1.0.5/node_modules/vscode-languageclient/lib/common/protocolConverter.js:508:22)
	at /root/.vscode/extensions/zobo.php-intellisense-1.0.5/node_modules/vscode-languageclient/lib/common/protocolConverter.js:476:42
	at Array.map (<anonymous>)
	at Object.asSymbolInformations (/root/.vscode/extensions/zobo.php-intellisense-1.0.5/node_modules/vscode-languageclient/lib/common/protocolConverter.js:476:23)
	at /root/.vscode/extensions/zobo.php-intellisense-1.0.5/node_modules/vscode-languageclient/lib/common/client.js:1111:70
	at async f.provideDocumentSymbols (/snap/code/91/usr/share/code/resources/app/out/vs/workbench/api/node/extensionHostProcess.js:85:91158)
