DEBUG     Checking PHPLS_ALLOW_XDEBUG
DEBUG     The Xdebug extension is not loaded

[Info  - 10:56:31 a. m.] OK!
[Info  - 10:56:31 a. m.] 294 files total
[Info  - 10:56:31 a. m.] Indexing project for definitions and static references
Parsing file:///opt/lampp/htdocs/makint/vendor/autoload.php
Parsing file:///opt/lampp/htdocs/makint/vendor/composer/autoload_real.php
Parsing file:///opt/lampp/htdocs/makint/vendor/composer/InstalledVersions.php
Parsing file:///opt/lampp/htdocs/makint/vendor/composer/autoload_files.php
Parsing file:///opt/lampp/htdocs/makint/vendor/composer/autoload_psr4.php
Parsing file:///opt/lampp/htdocs/makint/vendor/composer/autoload_classmap.php
Parsing file:///opt/lampp/htdocs/makint/vendor/composer/autoload_namespaces.php
Parsing file:///opt/lampp/htdocs/makint/vendor/composer/platform_check.php
Parsing file:///opt/lampp/htdocs/makint/vendor/composer/autoload_static.php
Parsing file:///opt/lampp/htdocs/makint/vendor/composer/installed.php
Parsing file:///opt/lampp/htdocs/makint/vendor/composer/ClassLoader.php
[Info  - 10:56:31 a. m.] Indexing project for dynamic references
Parsing file:///opt/lampp/htdocs/makint/vendor/autoload.php
Parsing file:///opt/lampp/htdocs/makint/vendor/composer/autoload_real.php
Parsing file:///opt/lampp/htdocs/makint/vendor/composer/InstalledVersions.php
Parsing file:///opt/lampp/htdocs/makint/vendor/composer/autoload_files.php
Parsing file:///opt/lampp/htdocs/makint/vendor/composer/autoload_psr4.php
Parsing file:///opt/lampp/htdocs/makint/vendor/composer/autoload_classmap.php
Parsing file:///opt/lampp/htdocs/makint/vendor/composer/autoload_namespaces.php
Parsing file:///opt/lampp/htdocs/makint/vendor/composer/platform_check.php
Parsing file:///opt/lampp/htdocs/makint/vendor/composer/autoload_static.php
Parsing file:///opt/lampp/htdocs/makint/vendor/composer/installed.php
Parsing file:///opt/lampp/htdocs/makint/vendor/composer/ClassLoader.php
[Info  - 10:56:31 a. m.] 18 Packages
[Info  - 10:56:31 a. m.] Indexing psr/container:1.1.2 for definitions and static references
Parsing file:///opt/lampp/htdocs/makint/vendor/psr/container/src/ContainerInterface.php
Parsing file:///opt/lampp/htdocs/makint/vendor/psr/container/src/ContainerExceptionInterface.php
Parsing file:///opt/lampp/htdocs/makint/vendor/psr/container/src/NotFoundExceptionInterface.php
[Info  - 10:56:31 a. m.] Indexing psr/container:1.1.2 for dynamic references
Parsing file:///opt/lampp/htdocs/makint/vendor/psr/container/src/ContainerInterface.php
Parsing file:///opt/lampp/htdocs/makint/vendor/psr/container/src/ContainerExceptionInterface.php
Parsing file:///opt/lampp/htdocs/makint/vendor/psr/container/src/NotFoundExceptionInterface.php
[Info  - 10:56:31 a. m.] Storing psr/container:1.1.2 in cache
[Info  - 10:56:31 a. m.] Indexing psr/log:1.1.4 for definitions and static references
Parsing file:///opt/lampp/htdocs/makint/vendor/psr/log/Psr/Log/InvalidArgumentException.php
Parsing file:///opt/lampp/htdocs/makint/vendor/psr/log/Psr/Log/LoggerInterface.php
Parsing file:///opt/lampp/htdocs/makint/vendor/psr/log/Psr/Log/Test/DummyTest.php
Parsing file:///opt/lampp/htdocs/makint/vendor/psr/log/Psr/Log/Test/TestLogger.php
Parsing file:///opt/lampp/htdocs/makint/vendor/psr/log/Psr/Log/Test/LoggerInterfaceTest.php
Parsing file:///opt/lampp/htdocs/makint/vendor/psr/log/Psr/Log/NullLogger.php
Parsing file:///opt/lampp/htdocs/makint/vendor/psr/log/Psr/Log/LoggerAwareInterface.php
Parsing file:///opt/lampp/htdocs/makint/vendor/psr/log/Psr/Log/LoggerTrait.php
Parsing file:///opt/lampp/htdocs/makint/vendor/psr/log/Psr/Log/LoggerAwareTrait.php
Parsing file:///opt/lampp/htdocs/makint/vendor/psr/log/Psr/Log/AbstractLogger.php
Parsing file:///opt/lampp/htdocs/makint/vendor/psr/log/Psr/Log/LogLevel.php
[Info  - 10:56:31 a. m.] Indexing psr/log:1.1.4 for dynamic references
Parsing file:///opt/lampp/htdocs/makint/vendor/psr/log/Psr/Log/InvalidArgumentException.php
Parsing file:///opt/lampp/htdocs/makint/vendor/psr/log/Psr/Log/LoggerInterface.php
Parsing file:///opt/lampp/htdocs/makint/vendor/psr/log/Psr/Log/Test/DummyTest.php
Parsing file:///opt/lampp/htdocs/makint/vendor/psr/log/Psr/Log/Test/TestLogger.php
Parsing file:///opt/lampp/htdocs/makint/vendor/psr/log/Psr/Log/Test/LoggerInterfaceTest.php
Parsing file:///opt/lampp/htdocs/makint/vendor/psr/log/Psr/Log/NullLogger.php
Parsing file:///opt/lampp/htdocs/makint/vendor/psr/log/Psr/Log/LoggerAwareInterface.php
Parsing file:///opt/lampp/htdocs/makint/vendor/psr/log/Psr/Log/LoggerTrait.php
Parsing file:///opt/lampp/htdocs/makint/vendor/psr/log/Psr/Log/LoggerAwareTrait.php
Parsing file:///opt/lampp/htdocs/makint/vendor/psr/log/Psr/Log/AbstractLogger.php
Parsing file:///opt/lampp/htdocs/makint/vendor/psr/log/Psr/Log/LogLevel.php
[Info  - 10:56:31 a. m.] Storing psr/log:1.1.4 in cache
[Info  - 10:56:31 a. m.] Indexing symfony/dom-crawler:5.4.6 for definitions and static references
Parsing file:///opt/lampp/htdocs/makint/vendor/symfony/dom-crawler/Field/FormField.php
Parsing file:///opt/lampp/htdocs/makint/vendor/symfony/dom-crawler/Field/FileFormField.php
Parsing file:///opt/lampp/htdocs/makint/vendor/symfony/dom-crawler/Field/ChoiceFormField.php
Parsing file:///opt/lampp/htdocs/makint/vendor/symfony/dom-crawler/Field/InputFormField.php
Parsing file:///opt/lampp/htdocs/makint/vendor/symfony/dom-crawler/Field/TextareaFormField.php
Parsing file:///opt/lampp/htdocs/makint/vendor/symfony/dom-crawler/Test/Constraint/CrawlerSelectorExists.php
Parsing file:///opt/lampp/htdocs/makint/vendor/symfony/dom-crawler/Test/Constraint/CrawlerSelectorTextSame.php
Parsing file:///opt/lampp/htdocs/makint/vendor/symfony/dom-crawler/Test/Constraint/CrawlerSelectorAttributeValueSame.php
Parsing file:///opt/lampp/htdocs/makint/vendor/symfony/dom-crawler/Test/Constraint/CrawlerSelectorTextContains.php
Parsing file:///opt/lampp/htdocs/makint/vendor/symfony/dom-crawler/AbstractUriElement.php
Parsing file:///opt/lampp/htdocs/makint/vendor/symfony/dom-crawler/Crawler.php
Parsing file:///opt/lampp/htdocs/makint/vendor/symfony/dom-crawler/UriResolver.php
Parsing file:///opt/lampp/htdocs/makint/vendor/symfony/dom-crawler/Image.php
Parsing file:///opt/lampp/htdocs/makint/vendor/symfony/dom-crawler/Form.php
Parsing file:///opt/lampp/htdocs/makint/vendor/symfony/dom-crawler/FormFieldRegistry.php
Parsing file:///opt/lampp/htdocs/makint/vendor/symfony/dom-crawler/Link.php
[Info  - 10:56:31 a. m.] Indexing symfony/dom-crawler:5.4.6 for dynamic references
Parsing file:///opt/lampp/htdocs/makint/vendor/symfony/dom-crawler/Field/FormField.php
Parsing file:///opt/lampp/htdocs/makint/vendor/symfony/dom-crawler/Field/FileFormField.php
Parsing file:///opt/lampp/htdocs/makint/vendor/symfony/dom-crawler/Field/ChoiceFormField.php
Parsing file:///opt/lampp/htdocs/makint/vendor/symfony/dom-crawler/Field/InputFormField.php
Parsing file:///opt/lampp/htdocs/makint/vendor/symfony/dom-crawler/Field/TextareaFormField.php
Parsing file:///opt/lampp/htdocs/makint/vendor/symfony/dom-crawler/Test/Constraint/CrawlerSelectorExists.php
Parsing file:///opt/lampp/htdocs/makint/vendor/symfony/dom-crawler/Test/Constraint/CrawlerSelectorTextSame.php
Parsing file:///opt/lampp/htdocs/makint/vendor/symfony/dom-crawler/Test/Constraint/CrawlerSelectorAttributeValueSame.php
Parsing file:///opt/lampp/htdocs/makint/vendor/symfony/dom-crawler/Test/Constraint/CrawlerSelectorTextContains.php
Parsing file:///opt/lampp/htdocs/makint/vendor/symfony/dom-crawler/AbstractUriElement.php
Parsing file:///opt/lampp/htdocs/makint/vendor/symfony/dom-crawler/Crawler.php
Parsing file:///opt/lampp/htdocs/makint/vendor/symfony/dom-crawler/UriResolver.php
Parsing file:///opt/lampp/htdocs/makint/vendor/symfony/dom-crawler/Image.php
Parsing file:///opt/lampp/htdocs/makint/vendor/symfony/dom-crawler/Form.php
Parsing file:///opt/lampp/htdocs/makint/vendor/symfony/dom-crawler/FormFieldRegistry.php
Parsing file:///opt/lampp/htdocs/makint/vendor/symfony/dom-crawler/Link.php
[Info  - 10:56:32 a. m.] Storing symfony/dom-crawler:5.4.6 in cache
[Info  - 10:56:32 a. m.] Indexing symfony/polyfill-mbstring:1.25.0 for definitions and static references
Parsing file:///opt/lampp/htdocs/makint/vendor/symfony/polyfill-mbstring/bootstrap.php
Parsing file:///opt/lampp/htdocs/makint/vendor/symfony/polyfill-mbstring/bootstrap80.php
Parsing file:///opt/lampp/htdocs/makint/vendor/symfony/polyfill-mbstring/Mbstring.php
Parsing file:///opt/lampp/htdocs/makint/vendor/symfony/polyfill-mbstring/Resources/unidata/lowerCase.php
Parsing file:///opt/lampp/htdocs/makint/vendor/symfony/polyfill-mbstring/Resources/unidata/titleCaseRegexp.php
Parsing file:///opt/lampp/htdocs/makint/vendor/symfony/polyfill-mbstring/Resources/unidata/upperCase.php
[Info  - 10:56:32 a. m.] Indexing symfony/polyfill-mbstring:1.25.0 for dynamic references
Parsing file:///opt/lampp/htdocs/makint/vendor/symfony/polyfill-mbstring/bootstrap.php
Parsing file:///opt/lampp/htdocs/makint/vendor/symfony/polyfill-mbstring/bootstrap80.php
Parsing file:///opt/lampp/htdocs/makint/vendor/symfony/polyfill-mbstring/Mbstring.php
Parsing file:///opt/lampp/htdocs/makint/vendor/symfony/polyfill-mbstring/Resources/unidata/lowerCase.php
Parsing file:///opt/lampp/htdocs/makint/vendor/symfony/polyfill-mbstring/Resources/unidata/titleCaseRegexp.php
Parsing file:///opt/lampp/htdocs/makint/vendor/symfony/polyfill-mbstring/Resources/unidata/upperCase.php
[Info  - 10:56:32 a. m.] Storing symfony/polyfill-mbstring:1.25.0 in cache
[Info  - 10:56:32 a. m.] Indexing symfony/polyfill-php80:1.25.0 for definitions and static references
Parsing file:///opt/lampp/htdocs/makint/vendor/symfony/polyfill-php80/bootstrap.php
Parsing file:///opt/lampp/htdocs/makint/vendor/symfony/polyfill-php80/Php80.php
Parsing file:///opt/lampp/htdocs/makint/vendor/symfony/polyfill-php80/PhpToken.php
Parsing file:///opt/lampp/htdocs/makint/vendor/symfony/polyfill-php80/Resources/stubs/Stringable.php
Parsing file:///opt/lampp/htdocs/makint/vendor/symfony/polyfill-php80/Resources/stubs/UnhandledMatchError.php
Parsing file:///opt/lampp/htdocs/makint/vendor/symfony/polyfill-php80/Resources/stubs/Attribute.php
Parsing file:///opt/lampp/htdocs/makint/vendor/symfony/polyfill-php80/Resources/stubs/PhpToken.php
Parsing file:///opt/lampp/htdocs/makint/vendor/symfony/polyfill-php80/Resources/stubs/ValueError.php
[Info  - 10:56:32 a. m.] Indexing symfony/polyfill-php80:1.25.0 for dynamic references
Parsing file:///opt/lampp/htdocs/makint/vendor/symfony/polyfill-php80/bootstrap.php
Parsing file:///opt/lampp/htdocs/makint/vendor/symfony/polyfill-php80/Php80.php
Parsing file:///opt/lampp/htdocs/makint/vendor/symfony/polyfill-php80/PhpToken.php
Parsing file:///opt/lampp/htdocs/makint/vendor/symfony/polyfill-php80/Resources/stubs/Stringable.php
Parsing file:///opt/lampp/htdocs/makint/vendor/symfony/polyfill-php80/Resources/stubs/UnhandledMatchError.php
Parsing file:///opt/lampp/htdocs/makint/vendor/symfony/polyfill-php80/Resources/stubs/Attribute.php
Parsing file:///opt/lampp/htdocs/makint/vendor/symfony/polyfill-php80/Resources/stubs/PhpToken.php
Parsing file:///opt/lampp/htdocs/makint/vendor/symfony/polyfill-php80/Resources/stubs/ValueError.php
[Info  - 10:56:32 a. m.] Storing symfony/polyfill-php80:1.25.0 in cache
[Info  - 10:56:32 a. m.] Indexing symfony/css-selector:5.4.3 for definitions and static references
Parsing file:///opt/lampp/htdocs/makint/vendor/symfony/css-selector/Node/NegationNode.php
Parsing file:///opt/lampp/htdocs/makint/vendor/symfony/css-selector/Node/ElementNode.php
Parsing file:///opt/lampp/htdocs/makint/vendor/symfony/css-selector/Node/NodeInterface.php
Parsing file:///opt/lampp/htdocs/makint/vendor/symfony/css-selector/Node/SelectorNode.php
Parsing file:///opt/lampp/htdocs/makint/vendor/symfony/css-selector/Node/FunctionNode.php
Parsing file:///opt/lampp/htdocs/makint/vendor/symfony/css-selector/Node/PseudoNode.php
Parsing file:///opt/lampp/htdocs/makint/vendor/symfony/css-selector/Node/ClassNode.php
Parsing file:///opt/lampp/htdocs/makint/vendor/symfony/css-selector/Node/Specificity.php
Parsing file:///opt/lampp/htdocs/makint/vendor/symfony/css-selector/Node/CombinedSelectorNode.php
Parsing file:///opt/lampp/htdocs/makint/vendor/symfony/css-selector/Node/AttributeNode.php
Parsing file:///opt/lampp/htdocs/makint/vendor/symfony/css-selector/Node/HashNode.php
Parsing file:///opt/lampp/htdocs/makint/vendor/symfony/css-selector/Node/AbstractNode.php
Parsing file:///opt/lampp/htdocs/makint/vendor/symfony/css-selector/Exception/SyntaxErrorException.php
Parsing file:///opt/lampp/htdocs/makint/vendor/symfony/css-selector/Exception/ParseException.php
Parsing file:///opt/lampp/htdocs/makint/vendor/symfony/css-selector/Exception/InternalErrorException.php
Parsing file:///opt/lampp/htdocs/makint/vendor/symfony/css-selector/Exception/ExceptionInterface.php
Parsing file:///opt/lampp/htdocs/makint/vendor/symfony/css-selector/Exception/ExpressionErrorException.php
Parsing file:///opt/lampp/htdocs/makint/vendor/symfony/css-selector/XPath/XPathExpr.php
Parsing file:///opt/lampp/htdocs/makint/vendor/symfony/css-selector/XPath/Extension/AttributeMatchingExtension.php
Parsing file:///opt/lampp/htdocs/makint/vendor/symfony/css-selector/XPath/Extension/PseudoClassExtension.php
Parsing file:///opt/lampp/htdocs/makint/vendor/symfony/css-selector/XPath/Extension/HtmlExtension.php
Parsing file:///opt/lampp/htdocs/makint/vendor/symfony/css-selector/XPath/Extension/ExtensionInterface.php
Parsing file:///opt/lampp/htdocs/makint/vendor/symfony/css-selector/XPath/Extension/AbstractExtension.php
Parsing file:///opt/lampp/htdocs/makint/vendor/symfony/css-selector/XPath/Extension/CombinationExtension.php
Parsing file:///opt/lampp/htdocs/makint/vendor/symfony/css-selector/XPath/Extension/FunctionExtension.php
Parsing file:///opt/lampp/htdocs/makint/vendor/symfony/css-selector/XPath/Extension/NodeExtension.php
Parsing file:///opt/lampp/htdocs/makint/vendor/symfony/css-selector/XPath/Translator.php
Parsing file:///opt/lampp/htdocs/makint/vendor/symfony/css-selector/XPath/TranslatorInterface.php
Parsing file:///opt/lampp/htdocs/makint/vendor/symfony/css-selector/CssSelectorConverter.php
Parsing file:///opt/lampp/htdocs/makint/vendor/symfony/css-selector/Parser/Token.php
Parsing file:///opt/lampp/htdocs/makint/vendor/symfony/css-selector/Parser/ParserInterface.php
Parsing file:///opt/lampp/htdocs/makint/vendor/symfony/css-selector/Parser/Tokenizer/TokenizerPatterns.php
Parsing file:///opt/lampp/htdocs/makint/vendor/symfony/css-selector/Parser/Tokenizer/TokenizerEscaping.php
Parsing file:///opt/lampp/htdocs/makint/vendor/symfony/css-selector/Parser/Tokenizer/Tokenizer.php
Parsing file:///opt/lampp/htdocs/makint/vendor/symfony/css-selector/Parser/Parser.php
Parsing file:///opt/lampp/htdocs/makint/vendor/symfony/css-selector/Parser/Shortcut/ElementParser.php
Parsing file:///opt/lampp/htdocs/makint/vendor/symfony/css-selector/Parser/Shortcut/ClassParser.php
Parsing file:///opt/lampp/htdocs/makint/vendor/symfony/css-selector/Parser/Shortcut/HashParser.php
Parsing file:///opt/lampp/htdocs/makint/vendor/symfony/css-selector/Parser/Shortcut/EmptyStringParser.php
Parsing file:///opt/lampp/htdocs/makint/vendor/symfony/css-selector/Parser/Reader.php
Parsing file:///opt/lampp/htdocs/makint/vendor/symfony/css-selector/Parser/TokenStream.php
Parsing file:///opt/lampp/htdocs/makint/vendor/symfony/css-selector/Parser/Handler/CommentHandler.php
Parsing file:///opt/lampp/htdocs/makint/vendor/symfony/css-selector/Parser/Handler/NumberHandler.php
Parsing file:///opt/lampp/htdocs/makint/vendor/symfony/css-selector/Parser/Handler/HandlerInterface.php
Parsing file:///opt/lampp/htdocs/makint/vendor/symfony/css-selector/Parser/Handler/IdentifierHandler.php
Parsing file:///opt/lampp/htdocs/makint/vendor/symfony/css-selector/Parser/Handler/StringHandler.php
Parsing file:///opt/lampp/htdocs/makint/vendor/symfony/css-selector/Parser/Handler/HashHandler.php
Parsing file:///opt/lampp/htdocs/makint/vendor/symfony/css-selector/Parser/Handler/WhitespaceHandler.php
[Info  - 10:56:33 a. m.] Indexing symfony/css-selector:5.4.3 for dynamic references
Parsing file:///opt/lampp/htdocs/makint/vendor/symfony/css-selector/Node/NegationNode.php
Parsing file:///opt/lampp/htdocs/makint/vendor/symfony/css-selector/Node/ElementNode.php
Parsing file:///opt/lampp/htdocs/makint/vendor/symfony/css-selector/Node/NodeInterface.php
Parsing file:///opt/lampp/htdocs/makint/vendor/symfony/css-selector/Node/SelectorNode.php
Parsing file:///opt/lampp/htdocs/makint/vendor/symfony/css-selector/Node/FunctionNode.php
Parsing file:///opt/lampp/htdocs/makint/vendor/symfony/css-selector/Node/PseudoNode.php
Parsing file:///opt/lampp/htdocs/makint/vendor/symfony/css-selector/Node/ClassNode.php
Parsing file:///opt/lampp/htdocs/makint/vendor/symfony/css-selector/Node/Specificity.php
Parsing file:///opt/lampp/htdocs/makint/vendor/symfony/css-selector/Node/CombinedSelectorNode.php
Parsing file:///opt/lampp/htdocs/makint/vendor/symfony/css-selector/Node/AttributeNode.php
Parsing file:///opt/lampp/htdocs/makint/vendor/symfony/css-selector/Node/HashNode.php
Parsing file:///opt/lampp/htdocs/makint/vendor/symfony/css-selector/Node/AbstractNode.php
Parsing file:///opt/lampp/htdocs/makint/vendor/symfony/css-selector/Exception/SyntaxErrorException.php
Parsing file:///opt/lampp/htdocs/makint/vendor/symfony/css-selector/Exception/ParseException.php
Parsing file:///opt/lampp/htdocs/makint/vendor/symfony/css-selector/Exception/InternalErrorException.php
Parsing file:///opt/lampp/htdocs/makint/vendor/symfony/css-selector/Exception/ExceptionInterface.php
Parsing file:///opt/lampp/htdocs/makint/vendor/symfony/css-selector/Exception/ExpressionErrorException.php
Parsing file:///opt/lampp/htdocs/makint/vendor/symfony/css-selector/XPath/XPathExpr.php
Parsing file:///opt/lampp/htdocs/makint/vendor/symfony/css-selector/XPath/Extension/AttributeMatchingExtension.php
Parsing file:///opt/lampp/htdocs/makint/vendor/symfony/css-selector/XPath/Extension/PseudoClassExtension.php
Parsing file:///opt/lampp/htdocs/makint/vendor/symfony/css-selector/XPath/Extension/HtmlExtension.php
Parsing file:///opt/lampp/htdocs/makint/vendor/symfony/css-selector/XPath/Extension/ExtensionInterface.php
Parsing file:///opt/lampp/htdocs/makint/vendor/symfony/css-selector/XPath/Extension/AbstractExtension.php
Parsing file:///opt/lampp/htdocs/makint/vendor/symfony/css-selector/XPath/Extension/CombinationExtension.php
Parsing file:///opt/lampp/htdocs/makint/vendor/symfony/css-selector/XPath/Extension/FunctionExtension.php
Parsing file:///opt/lampp/htdocs/makint/vendor/symfony/css-selector/XPath/Extension/NodeExtension.php
Parsing file:///opt/lampp/htdocs/makint/vendor/symfony/css-selector/XPath/Translator.php
Parsing file:///opt/lampp/htdocs/makint/vendor/symfony/css-selector/XPath/TranslatorInterface.php
Parsing file:///opt/lampp/htdocs/makint/vendor/symfony/css-selector/CssSelectorConverter.php
Parsing file:///opt/lampp/htdocs/makint/vendor/symfony/css-selector/Parser/Token.php
Parsing file:///opt/lampp/htdocs/makint/vendor/symfony/css-selector/Parser/ParserInterface.php
Parsing file:///opt/lampp/htdocs/makint/vendor/symfony/css-selector/Parser/Tokenizer/TokenizerPatterns.php
Parsing file:///opt/lampp/htdocs/makint/vendor/symfony/css-selector/Parser/Tokenizer/TokenizerEscaping.php
Parsing file:///opt/lampp/htdocs/makint/vendor/symfony/css-selector/Parser/Tokenizer/Tokenizer.php
Parsing file:///opt/lampp/htdocs/makint/vendor/symfony/css-selector/Parser/Parser.php
Parsing file:///opt/lampp/htdocs/makint/vendor/symfony/css-selector/Parser/Shortcut/ElementParser.php
Parsing file:///opt/lampp/htdocs/makint/vendor/symfony/css-selector/Parser/Shortcut/ClassParser.php
Parsing file:///opt/lampp/htdocs/makint/vendor/symfony/css-selector/Parser/Shortcut/HashParser.php
Parsing file:///opt/lampp/htdocs/makint/vendor/symfony/css-selector/Parser/Shortcut/EmptyStringParser.php
Parsing file:///opt/lampp/htdocs/makint/vendor/symfony/css-selector/Parser/Reader.php
Parsing file:///opt/lampp/htdocs/makint/vendor/symfony/css-selector/Parser/TokenStream.php
Parsing file:///opt/lampp/htdocs/makint/vendor/symfony/css-selector/Parser/Handler/CommentHandler.php
Parsing file:///opt/lampp/htdocs/makint/vendor/symfony/css-selector/Parser/Handler/NumberHandler.php
Parsing file:///opt/lampp/htdocs/makint/vendor/symfony/css-selector/Parser/Handler/HandlerInterface.php
Parsing file:///opt/lampp/htdocs/makint/vendor/symfony/css-selector/Parser/Handler/IdentifierHandler.php
Parsing file:///opt/lampp/htdocs/makint/vendor/symfony/css-selector/Parser/Handler/StringHandler.php
Parsing file:///opt/lampp/htdocs/makint/vendor/symfony/css-selector/Parser/Handler/HashHandler.php
Parsing file:///opt/lampp/htdocs/makint/vendor/symfony/css-selector/Parser/Handler/WhitespaceHandler.php
[Info  - 10:56:33 a. m.] Storing symfony/css-selector:5.4.3 in cache
[Info  - 10:56:33 a. m.] Indexing symfony/polyfill-ctype:1.25.0 for definitions and static references
Parsing file:///opt/lampp/htdocs/makint/vendor/symfony/polyfill-ctype/bootstrap.php
Parsing file:///opt/lampp/htdocs/makint/vendor/symfony/polyfill-ctype/bootstrap80.php
Parsing file:///opt/lampp/htdocs/makint/vendor/symfony/polyfill-ctype/Ctype.php
[Info  - 10:56:33 a. m.] Indexing symfony/polyfill-ctype:1.25.0 for dynamic references
Parsing file:///opt/lampp/htdocs/makint/vendor/symfony/polyfill-ctype/bootstrap.php
Parsing file:///opt/lampp/htdocs/makint/vendor/symfony/polyfill-ctype/bootstrap80.php
Parsing file:///opt/lampp/htdocs/makint/vendor/symfony/polyfill-ctype/Ctype.php
[Info  - 10:56:33 a. m.] Storing symfony/polyfill-ctype:1.25.0 in cache
[Info  - 10:56:33 a. m.] Indexing symfony/polyfill-php72:1.25.0 for definitions and static references
Parsing file:///opt/lampp/htdocs/makint/vendor/symfony/polyfill-php72/bootstrap.php
Parsing file:///opt/lampp/htdocs/makint/vendor/symfony/polyfill-php72/Php72.php
[Info  - 10:56:33 a. m.] Indexing symfony/polyfill-php72:1.25.0 for dynamic references
Parsing file:///opt/lampp/htdocs/makint/vendor/symfony/polyfill-php72/bootstrap.php
Parsing file:///opt/lampp/htdocs/makint/vendor/symfony/polyfill-php72/Php72.php
[Info  - 10:56:33 a. m.] Storing symfony/polyfill-php72:1.25.0 in cache
[Info  - 10:56:33 a. m.] Indexing symfony/deprecation-contracts:2.5.0 for definitions and static references
Parsing file:///opt/lampp/htdocs/makint/vendor/symfony/deprecation-contracts/function.php
[Info  - 10:56:33 a. m.] Indexing symfony/deprecation-contracts:2.5.0 for dynamic references
Parsing file:///opt/lampp/htdocs/makint/vendor/symfony/deprecation-contracts/function.php
[Info  - 10:56:33 a. m.] Storing symfony/deprecation-contracts:2.5.0 in cache
[Info  - 10:56:33 a. m.] Indexing symfony/mime:5.4.3 for definitions and static references
Parsing file:///opt/lampp/htdocs/makint/vendor/symfony/mime/Address.php
Parsing file:///opt/lampp/htdocs/makint/vendor/symfony/mime/Crypto/SMimeSigner.php
Parsing file:///opt/lampp/htdocs/makint/vendor/symfony/mime/Crypto/DkimSigner.php
Parsing file:///opt/lampp/htdocs/makint/vendor/symfony/mime/Crypto/SMime.php
Parsing file:///opt/lampp/htdocs/makint/vendor/symfony/mime/Crypto/SMimeEncrypter.php
Parsing file:///opt/lampp/htdocs/makint/vendor/symfony/mime/Crypto/DkimOptions.php
Parsing file:///opt/lampp/htdocs/makint/vendor/symfony/mime/Part/Multipart/RelatedPart.php
Parsing file:///opt/lampp/htdocs/makint/vendor/symfony/mime/Part/Multipart/MixedPart.php
Parsing file:///opt/lampp/htdocs/makint/vendor/symfony/mime/Part/Multipart/DigestPart.php
Parsing file:///opt/lampp/htdocs/makint/vendor/symfony/mime/Part/Multipart/AlternativePart.php
Parsing file:///opt/lampp/htdocs/makint/vendor/symfony/mime/Part/Multipart/FormDataPart.php
Parsing file:///opt/lampp/htdocs/makint/vendor/symfony/mime/Part/MessagePart.php
Parsing file:///opt/lampp/htdocs/makint/vendor/symfony/mime/Part/AbstractMultipartPart.php
Parsing file:///opt/lampp/htdocs/makint/vendor/symfony/mime/Part/SMimePart.php
Parsing file:///opt/lampp/htdocs/makint/vendor/symfony/mime/Part/TextPart.php
Parsing file:///opt/lampp/htdocs/makint/vendor/symfony/mime/Part/DataPart.php
Parsing file:///opt/lampp/htdocs/makint/vendor/symfony/mime/Part/AbstractPart.php
Parsing file:///opt/lampp/htdocs/makint/vendor/symfony/mime/BodyRendererInterface.php
Parsing file:///opt/lampp/htdocs/makint/vendor/symfony/mime/Header/DateHeader.php
Parsing file:///opt/lampp/htdocs/makint/vendor/symfony/mime/Header/MailboxHeader.php
Parsing file:///opt/lampp/htdocs/makint/vendor/symfony/mime/Header/UnstructuredHeader.php
Parsing file:///opt/lampp/htdocs/makint/vendor/symfony/mime/Header/Headers.php
Parsing file:///opt/lampp/htdocs/makint/vendor/symfony/mime/Header/MailboxListHeader.php
Parsing file:///opt/lampp/htdocs/makint/vendor/symfony/mime/Header/ParameterizedHeader.php
Parsing file:///opt/lampp/htdocs/makint/vendor/symfony/mime/Header/IdentificationHeader.php
Parsing file:///opt/lampp/htdocs/makint/vendor/symfony/mime/Header/HeaderInterface.php
Parsing file:///opt/lampp/htdocs/makint/vendor/symfony/mime/Header/PathHeader.php
Parsing file:///opt/lampp/htdocs/makint/vendor/symfony/mime/Header/AbstractHeader.php
Parsing file:///opt/lampp/htdocs/makint/vendor/symfony/mime/Email.php
Parsing file:///opt/lampp/htdocs/makint/vendor/symfony/mime/MessageConverter.php
Parsing file:///opt/lampp/htdocs/makint/vendor/symfony/mime/Message.php
Parsing file:///opt/lampp/htdocs/makint/vendor/symfony/mime/Exception/InvalidArgumentException.php
Parsing file:///opt/lampp/htdocs/makint/vendor/symfony/mime/Exception/RuntimeException.php
Parsing file:///opt/lampp/htdocs/makint/vendor/symfony/mime/Exception/AddressEncoderException.php
Parsing file:///opt/lampp/htdocs/makint/vendor/symfony/mime/Exception/ExceptionInterface.php
Parsing file:///opt/lampp/htdocs/makint/vendor/symfony/mime/Exception/RfcComplianceException.php
Parsing file:///opt/lampp/htdocs/makint/vendor/symfony/mime/Exception/LogicException.php
Parsing file:///opt/lampp/htdocs/makint/vendor/symfony/mime/Test/Constraint/EmailHasHeader.php
Parsing file:///opt/lampp/htdocs/makint/vendor/symfony/mime/Test/Constraint/EmailHeaderSame.php
Parsing file:///opt/lampp/htdocs/makint/vendor/symfony/mime/Test/Constraint/EmailTextBodyContains.php
Parsing file:///opt/lampp/htdocs/makint/vendor/symfony/mime/Test/Constraint/EmailAttachmentCount.php
Parsing file:///opt/lampp/htdocs/makint/vendor/symfony/mime/Test/Constraint/EmailAddressContains.php
Parsing file:///opt/lampp/htdocs/makint/vendor/symfony/mime/Test/Constraint/EmailHtmlBodyContains.php
Parsing file:///opt/lampp/htdocs/makint/vendor/symfony/mime/FileBinaryMimeTypeGuesser.php
Parsing file:///opt/lampp/htdocs/makint/vendor/symfony/mime/MimeTypeGuesserInterface.php
Parsing file:///opt/lampp/htdocs/makint/vendor/symfony/mime/RawMessage.php
Parsing file:///opt/lampp/htdocs/makint/vendor/symfony/mime/Encoder/EncoderInterface.php
Parsing file:///opt/lampp/htdocs/makint/vendor/symfony/mime/Encoder/Rfc2231Encoder.php
Parsing file:///opt/lampp/htdocs/makint/vendor/symfony/mime/Encoder/Base64Encoder.php
Parsing file:///opt/lampp/htdocs/makint/vendor/symfony/mime/Encoder/QpContentEncoder.php
Parsing file:///opt/lampp/htdocs/makint/vendor/symfony/mime/Encoder/EightBitContentEncoder.php
Parsing file:///opt/lampp/htdocs/makint/vendor/symfony/mime/Encoder/QpMimeHeaderEncoder.php
Parsing file:///opt/lampp/htdocs/makint/vendor/symfony/mime/Encoder/ContentEncoderInterface.php
Parsing file:///opt/lampp/htdocs/makint/vendor/symfony/mime/Encoder/AddressEncoderInterface.php
Parsing file:///opt/lampp/htdocs/makint/vendor/symfony/mime/Encoder/MimeHeaderEncoderInterface.php
Parsing file:///opt/lampp/htdocs/makint/vendor/symfony/mime/Encoder/Base64MimeHeaderEncoder.php
Parsing file:///opt/lampp/htdocs/makint/vendor/symfony/mime/Encoder/Base64ContentEncoder.php
Parsing file:///opt/lampp/htdocs/makint/vendor/symfony/mime/Encoder/QpEncoder.php
Parsing file:///opt/lampp/htdocs/makint/vendor/symfony/mime/Encoder/IdnAddressEncoder.php
Parsing file:///opt/lampp/htdocs/makint/vendor/symfony/mime/CharacterStream.php
Parsing file:///opt/lampp/htdocs/makint/vendor/symfony/mime/DependencyInjection/AddMimeTypeGuesserPass.php
Parsing file:///opt/lampp/htdocs/makint/vendor/symfony/mime/MimeTypesInterface.php
Parsing file:///opt/lampp/htdocs/makint/vendor/symfony/mime/Resources/bin/update_mime_types.php
Parsing file:///opt/lampp/htdocs/makint/vendor/symfony/mime/FileinfoMimeTypeGuesser.php
Parsing file:///opt/lampp/htdocs/makint/vendor/symfony/mime/MimeTypes.php
[Info  - 10:56:34 a. m.] Ignoring file file:///opt/lampp/htdocs/makint/vendor/symfony/mime/MimeTypes.php because it exceeds size limit of 150000 bytes (180884)
[Info  - 10:56:34 a. m.] Indexing symfony/mime:5.4.3 for dynamic references
Parsing file:///opt/lampp/htdocs/makint/vendor/symfony/mime/Address.php
Parsing file:///opt/lampp/htdocs/makint/vendor/symfony/mime/Crypto/SMimeSigner.php
Parsing file:///opt/lampp/htdocs/makint/vendor/symfony/mime/Crypto/DkimSigner.php
Parsing file:///opt/lampp/htdocs/makint/vendor/symfony/mime/Crypto/SMime.php
Parsing file:///opt/lampp/htdocs/makint/vendor/symfony/mime/Crypto/SMimeEncrypter.php
Parsing file:///opt/lampp/htdocs/makint/vendor/symfony/mime/Crypto/DkimOptions.php
Parsing file:///opt/lampp/htdocs/makint/vendor/symfony/mime/Part/Multipart/RelatedPart.php
Parsing file:///opt/lampp/htdocs/makint/vendor/symfony/mime/Part/Multipart/MixedPart.php
Parsing file:///opt/lampp/htdocs/makint/vendor/symfony/mime/Part/Multipart/DigestPart.php
Parsing file:///opt/lampp/htdocs/makint/vendor/symfony/mime/Part/Multipart/AlternativePart.php
Parsing file:///opt/lampp/htdocs/makint/vendor/symfony/mime/Part/Multipart/FormDataPart.php
Parsing file:///opt/lampp/htdocs/makint/vendor/symfony/mime/Part/MessagePart.php
Parsing file:///opt/lampp/htdocs/makint/vendor/symfony/mime/Part/AbstractMultipartPart.php
Parsing file:///opt/lampp/htdocs/makint/vendor/symfony/mime/Part/SMimePart.php
Parsing file:///opt/lampp/htdocs/makint/vendor/symfony/mime/Part/TextPart.php
Parsing file:///opt/lampp/htdocs/makint/vendor/symfony/mime/Part/DataPart.php
Parsing file:///opt/lampp/htdocs/makint/vendor/symfony/mime/Part/AbstractPart.php
Parsing file:///opt/lampp/htdocs/makint/vendor/symfony/mime/BodyRendererInterface.php
Parsing file:///opt/lampp/htdocs/makint/vendor/symfony/mime/Header/DateHeader.php
Parsing file:///opt/lampp/htdocs/makint/vendor/symfony/mime/Header/MailboxHeader.php
Parsing file:///opt/lampp/htdocs/makint/vendor/symfony/mime/Header/UnstructuredHeader.php
Parsing file:///opt/lampp/htdocs/makint/vendor/symfony/mime/Header/Headers.php
Parsing file:///opt/lampp/htdocs/makint/vendor/symfony/mime/Header/MailboxListHeader.php
Parsing file:///opt/lampp/htdocs/makint/vendor/symfony/mime/Header/ParameterizedHeader.php
Parsing file:///opt/lampp/htdocs/makint/vendor/symfony/mime/Header/IdentificationHeader.php
Parsing file:///opt/lampp/htdocs/makint/vendor/symfony/mime/Header/HeaderInterface.php
Parsing file:///opt/lampp/htdocs/makint/vendor/symfony/mime/Header/PathHeader.php
Parsing file:///opt/lampp/htdocs/makint/vendor/symfony/mime/Header/AbstractHeader.php
Parsing file:///opt/lampp/htdocs/makint/vendor/symfony/mime/Email.php
Parsing file:///opt/lampp/htdocs/makint/vendor/symfony/mime/MessageConverter.php
Parsing file:///opt/lampp/htdocs/makint/vendor/symfony/mime/Message.php
Parsing file:///opt/lampp/htdocs/makint/vendor/symfony/mime/Exception/InvalidArgumentException.php
Parsing file:///opt/lampp/htdocs/makint/vendor/symfony/mime/Exception/RuntimeException.php
Parsing file:///opt/lampp/htdocs/makint/vendor/symfony/mime/Exception/AddressEncoderException.php
Parsing file:///opt/lampp/htdocs/makint/vendor/symfony/mime/Exception/ExceptionInterface.php
Parsing file:///opt/lampp/htdocs/makint/vendor/symfony/mime/Exception/RfcComplianceException.php
Parsing file:///opt/lampp/htdocs/makint/vendor/symfony/mime/Exception/LogicException.php
Parsing file:///opt/lampp/htdocs/makint/vendor/symfony/mime/Test/Constraint/EmailHasHeader.php
Parsing file:///opt/lampp/htdocs/makint/vendor/symfony/mime/Test/Constraint/EmailHeaderSame.php
Parsing file:///opt/lampp/htdocs/makint/vendor/symfony/mime/Test/Constraint/EmailTextBodyContains.php
Parsing file:///opt/lampp/htdocs/makint/vendor/symfony/mime/Test/Constraint/EmailAttachmentCount.php
Parsing file:///opt/lampp/htdocs/makint/vendor/symfony/mime/Test/Constraint/EmailAddressContains.php
Parsing file:///opt/lampp/htdocs/makint/vendor/symfony/mime/Test/Constraint/EmailHtmlBodyContains.php
Parsing file:///opt/lampp/htdocs/makint/vendor/symfony/mime/FileBinaryMimeTypeGuesser.php
Parsing file:///opt/lampp/htdocs/makint/vendor/symfony/mime/MimeTypeGuesserInterface.php
Parsing file:///opt/lampp/htdocs/makint/vendor/symfony/mime/RawMessage.php
Parsing file:///opt/lampp/htdocs/makint/vendor/symfony/mime/Encoder/EncoderInterface.php
Parsing file:///opt/lampp/htdocs/makint/vendor/symfony/mime/Encoder/Rfc2231Encoder.php
Parsing file:///opt/lampp/htdocs/makint/vendor/symfony/mime/Encoder/Base64Encoder.php
Parsing file:///opt/lampp/htdocs/makint/vendor/symfony/mime/Encoder/QpContentEncoder.php
Parsing file:///opt/lampp/htdocs/makint/vendor/symfony/mime/Encoder/EightBitContentEncoder.php
Parsing file:///opt/lampp/htdocs/makint/vendor/symfony/mime/Encoder/QpMimeHeaderEncoder.php
Parsing file:///opt/lampp/htdocs/makint/vendor/symfony/mime/Encoder/ContentEncoderInterface.php
Parsing file:///opt/lampp/htdocs/makint/vendor/symfony/mime/Encoder/AddressEncoderInterface.php
Parsing file:///opt/lampp/htdocs/makint/vendor/symfony/mime/Encoder/MimeHeaderEncoderInterface.php
Parsing file:///opt/lampp/htdocs/makint/vendor/symfony/mime/Encoder/Base64MimeHeaderEncoder.php
Parsing file:///opt/lampp/htdocs/makint/vendor/symfony/mime/Encoder/Base64ContentEncoder.php
Parsing file:///opt/lampp/htdocs/makint/vendor/symfony/mime/Encoder/QpEncoder.php
Parsing file:///opt/lampp/htdocs/makint/vendor/symfony/mime/Encoder/IdnAddressEncoder.php
Parsing file:///opt/lampp/htdocs/makint/vendor/symfony/mime/CharacterStream.php
Parsing file:///opt/lampp/htdocs/makint/vendor/symfony/mime/DependencyInjection/AddMimeTypeGuesserPass.php
Parsing file:///opt/lampp/htdocs/makint/vendor/symfony/mime/MimeTypesInterface.php
Parsing file:///opt/lampp/htdocs/makint/vendor/symfony/mime/Resources/bin/update_mime_types.php
Parsing file:///opt/lampp/htdocs/makint/vendor/symfony/mime/FileinfoMimeTypeGuesser.php
Parsing file:///opt/lampp/htdocs/makint/vendor/symfony/mime/MimeTypes.php
[Info  - 10:56:34 a. m.] Ignoring file file:///opt/lampp/htdocs/makint/vendor/symfony/mime/MimeTypes.php because it exceeds size limit of 150000 bytes (180884)
[Info  - 10:56:34 a. m.] Storing symfony/mime:5.4.3 in cache
[Info  - 10:56:34 a. m.] Indexing symfony/service-contracts:2.5.0 for definitions and static references
Parsing file:///opt/lampp/htdocs/makint/vendor/symfony/service-contracts/ResetInterface.php
Parsing file:///opt/lampp/htdocs/makint/vendor/symfony/service-contracts/Attribute/Required.php
Parsing file:///opt/lampp/htdocs/makint/vendor/symfony/service-contracts/Attribute/SubscribedService.php
Parsing file:///opt/lampp/htdocs/makint/vendor/symfony/service-contracts/Test/ServiceLocatorTest.php
Parsing file:///opt/lampp/htdocs/makint/vendor/symfony/service-contracts/ServiceLocatorTrait.php
Parsing file:///opt/lampp/htdocs/makint/vendor/symfony/service-contracts/ServiceProviderInterface.php
Parsing file:///opt/lampp/htdocs/makint/vendor/symfony/service-contracts/ServiceSubscriberTrait.php
Parsing file:///opt/lampp/htdocs/makint/vendor/symfony/service-contracts/ServiceSubscriberInterface.php
[Info  - 10:56:34 a. m.] Indexing symfony/service-contracts:2.5.0 for dynamic references
Parsing file:///opt/lampp/htdocs/makint/vendor/symfony/service-contracts/ResetInterface.php
Parsing file:///opt/lampp/htdocs/makint/vendor/symfony/service-contracts/Attribute/Required.php
Parsing file:///opt/lampp/htdocs/makint/vendor/symfony/service-contracts/Attribute/SubscribedService.php
Parsing file:///opt/lampp/htdocs/makint/vendor/symfony/service-contracts/Test/ServiceLocatorTest.php
Parsing file:///opt/lampp/htdocs/makint/vendor/symfony/service-contracts/ServiceLocatorTrait.php
Parsing file:///opt/lampp/htdocs/makint/vendor/symfony/service-contracts/ServiceProviderInterface.php
Parsing file:///opt/lampp/htdocs/makint/vendor/symfony/service-contracts/ServiceSubscriberTrait.php
Parsing file:///opt/lampp/htdocs/makint/vendor/symfony/service-contracts/ServiceSubscriberInterface.php
[Info  - 10:56:34 a. m.] Storing symfony/service-contracts:2.5.0 in cache
[Info  - 10:56:34 a. m.] Indexing symfony/polyfill-php73:1.25.0 for definitions and static references
Parsing file:///opt/lampp/htdocs/makint/vendor/symfony/polyfill-php73/bootstrap.php
Parsing file:///opt/lampp/htdocs/makint/vendor/symfony/polyfill-php73/Php73.php
Parsing file:///opt/lampp/htdocs/makint/vendor/symfony/polyfill-php73/Resources/stubs/JsonException.php
[Info  - 10:56:34 a. m.] Indexing symfony/polyfill-php73:1.25.0 for dynamic references
Parsing file:///opt/lampp/htdocs/makint/vendor/symfony/polyfill-php73/bootstrap.php
Parsing file:///opt/lampp/htdocs/makint/vendor/symfony/polyfill-php73/Php73.php
Parsing file:///opt/lampp/htdocs/makint/vendor/symfony/polyfill-php73/Resources/stubs/JsonException.php
[Info  - 10:56:34 a. m.] Storing symfony/polyfill-php73:1.25.0 in cache
[Info  - 10:56:34 a. m.] Indexing symfony/browser-kit:5.4.3 for definitions and static references
Parsing file:///opt/lampp/htdocs/makint/vendor/symfony/browser-kit/Exception/BadMethodCallException.php
Parsing file:///opt/lampp/htdocs/makint/vendor/symfony/browser-kit/Request.php
Parsing file:///opt/lampp/htdocs/makint/vendor/symfony/browser-kit/Test/Constraint/BrowserHasCookie.php
Parsing file:///opt/lampp/htdocs/makint/vendor/symfony/browser-kit/Test/Constraint/BrowserCookieValueSame.php
Parsing file:///opt/lampp/htdocs/makint/vendor/symfony/browser-kit/Response.php
Parsing file:///opt/lampp/htdocs/makint/vendor/symfony/browser-kit/Cookie.php
Parsing file:///opt/lampp/htdocs/makint/vendor/symfony/browser-kit/History.php
Parsing file:///opt/lampp/htdocs/makint/vendor/symfony/browser-kit/CookieJar.php
Parsing file:///opt/lampp/htdocs/makint/vendor/symfony/browser-kit/HttpBrowser.php
Parsing file:///opt/lampp/htdocs/makint/vendor/symfony/browser-kit/AbstractBrowser.php
[Info  - 10:56:34 a. m.] Indexing symfony/browser-kit:5.4.3 for dynamic references
Parsing file:///opt/lampp/htdocs/makint/vendor/symfony/browser-kit/Exception/BadMethodCallException.php
Parsing file:///opt/lampp/htdocs/makint/vendor/symfony/browser-kit/Request.php
Parsing file:///opt/lampp/htdocs/makint/vendor/symfony/browser-kit/Test/Constraint/BrowserHasCookie.php
Parsing file:///opt/lampp/htdocs/makint/vendor/symfony/browser-kit/Test/Constraint/BrowserCookieValueSame.php
Parsing file:///opt/lampp/htdocs/makint/vendor/symfony/browser-kit/Response.php
Parsing file:///opt/lampp/htdocs/makint/vendor/symfony/browser-kit/Cookie.php
Parsing file:///opt/lampp/htdocs/makint/vendor/symfony/browser-kit/History.php
Parsing file:///opt/lampp/htdocs/makint/vendor/symfony/browser-kit/CookieJar.php
Parsing file:///opt/lampp/htdocs/makint/vendor/symfony/browser-kit/HttpBrowser.php
Parsing file:///opt/lampp/htdocs/makint/vendor/symfony/browser-kit/AbstractBrowser.php
[Info  - 10:56:35 a. m.] Storing symfony/browser-kit:5.4.3 in cache
[Info  - 10:56:35 a. m.] Indexing symfony/polyfill-intl-normalizer:1.25.0 for definitions and static references
Parsing file:///opt/lampp/htdocs/makint/vendor/symfony/polyfill-intl-normalizer/bootstrap.php
Parsing file:///opt/lampp/htdocs/makint/vendor/symfony/polyfill-intl-normalizer/bootstrap80.php
Parsing file:///opt/lampp/htdocs/makint/vendor/symfony/polyfill-intl-normalizer/Normalizer.php
Parsing file:///opt/lampp/htdocs/makint/vendor/symfony/polyfill-intl-normalizer/Resources/stubs/Normalizer.php
Parsing file:///opt/lampp/htdocs/makint/vendor/symfony/polyfill-intl-normalizer/Resources/unidata/combiningClass.php
Parsing file:///opt/lampp/htdocs/makint/vendor/symfony/polyfill-intl-normalizer/Resources/unidata/canonicalDecomposition.php
Parsing file:///opt/lampp/htdocs/makint/vendor/symfony/polyfill-intl-normalizer/Resources/unidata/compatibilityDecomposition.php
Parsing file:///opt/lampp/htdocs/makint/vendor/symfony/polyfill-intl-normalizer/Resources/unidata/canonicalComposition.php
[Info  - 10:56:35 a. m.] Indexing symfony/polyfill-intl-normalizer:1.25.0 for dynamic references
Parsing file:///opt/lampp/htdocs/makint/vendor/symfony/polyfill-intl-normalizer/bootstrap.php
Parsing file:///opt/lampp/htdocs/makint/vendor/symfony/polyfill-intl-normalizer/bootstrap80.php
Parsing file:///opt/lampp/htdocs/makint/vendor/symfony/polyfill-intl-normalizer/Normalizer.php
Parsing file:///opt/lampp/htdocs/makint/vendor/symfony/polyfill-intl-normalizer/Resources/stubs/Normalizer.php
Parsing file:///opt/lampp/htdocs/makint/vendor/symfony/polyfill-intl-normalizer/Resources/unidata/combiningClass.php
Parsing file:///opt/lampp/htdocs/makint/vendor/symfony/polyfill-intl-normalizer/Resources/unidata/canonicalDecomposition.php
Parsing file:///opt/lampp/htdocs/makint/vendor/symfony/polyfill-intl-normalizer/Resources/unidata/compatibilityDecomposition.php
Parsing file:///opt/lampp/htdocs/makint/vendor/symfony/polyfill-intl-normalizer/Resources/unidata/canonicalComposition.php
[Info  - 10:56:35 a. m.] Storing symfony/polyfill-intl-normalizer:1.25.0 in cache
[Info  - 10:56:35 a. m.] Indexing symfony/polyfill-intl-idn:1.25.0 for definitions and static references
Parsing file:///opt/lampp/htdocs/makint/vendor/symfony/polyfill-intl-idn/bootstrap.php
Parsing file:///opt/lampp/htdocs/makint/vendor/symfony/polyfill-intl-idn/Idn.php
Parsing file:///opt/lampp/htdocs/makint/vendor/symfony/polyfill-intl-idn/Info.php
Parsing file:///opt/lampp/htdocs/makint/vendor/symfony/polyfill-intl-idn/bootstrap80.php
Parsing file:///opt/lampp/htdocs/makint/vendor/symfony/polyfill-intl-idn/Resources/unidata/DisallowedRanges.php
Parsing file:///opt/lampp/htdocs/makint/vendor/symfony/polyfill-intl-idn/Resources/unidata/deviation.php
Parsing file:///opt/lampp/htdocs/makint/vendor/symfony/polyfill-intl-idn/Resources/unidata/Regex.php
Parsing file:///opt/lampp/htdocs/makint/vendor/symfony/polyfill-intl-idn/Resources/unidata/disallowed.php
Parsing file:///opt/lampp/htdocs/makint/vendor/symfony/polyfill-intl-idn/Resources/unidata/virama.php
Parsing file:///opt/lampp/htdocs/makint/vendor/symfony/polyfill-intl-idn/Resources/unidata/disallowed_STD3_mapped.php
Parsing file:///opt/lampp/htdocs/makint/vendor/symfony/polyfill-intl-idn/Resources/unidata/mapped.php
Parsing file:///opt/lampp/htdocs/makint/vendor/symfony/polyfill-intl-idn/Resources/unidata/disallowed_STD3_valid.php
Parsing file:///opt/lampp/htdocs/makint/vendor/symfony/polyfill-intl-idn/Resources/unidata/ignored.php
[Info  - 10:56:36 a. m.] Indexing symfony/polyfill-intl-idn:1.25.0 for dynamic references
Parsing file:///opt/lampp/htdocs/makint/vendor/symfony/polyfill-intl-idn/bootstrap.php
Parsing file:///opt/lampp/htdocs/makint/vendor/symfony/polyfill-intl-idn/Idn.php
Parsing file:///opt/lampp/htdocs/makint/vendor/symfony/polyfill-intl-idn/Info.php
Parsing file:///opt/lampp/htdocs/makint/vendor/symfony/polyfill-intl-idn/bootstrap80.php
Parsing file:///opt/lampp/htdocs/makint/vendor/symfony/polyfill-intl-idn/Resources/unidata/DisallowedRanges.php
Parsing file:///opt/lampp/htdocs/makint/vendor/symfony/polyfill-intl-idn/Resources/unidata/deviation.php
Parsing file:///opt/lampp/htdocs/makint/vendor/symfony/polyfill-intl-idn/Resources/unidata/Regex.php
Parsing file:///opt/lampp/htdocs/makint/vendor/symfony/polyfill-intl-idn/Resources/unidata/disallowed.php
Parsing file:///opt/lampp/htdocs/makint/vendor/symfony/polyfill-intl-idn/Resources/unidata/virama.php
Parsing file:///opt/lampp/htdocs/makint/vendor/symfony/polyfill-intl-idn/Resources/unidata/disallowed_STD3_mapped.php
Parsing file:///opt/lampp/htdocs/makint/vendor/symfony/polyfill-intl-idn/Resources/unidata/mapped.php
Parsing file:///opt/lampp/htdocs/makint/vendor/symfony/polyfill-intl-idn/Resources/unidata/disallowed_STD3_valid.php
Parsing file:///opt/lampp/htdocs/makint/vendor/symfony/polyfill-intl-idn/Resources/unidata/ignored.php
[Info  - 10:56:36 a. m.] Storing symfony/polyfill-intl-idn:1.25.0 in cache
[Info  - 10:56:36 a. m.] Indexing symfony/http-client-contracts:2.5.0 for definitions and static references
Parsing file:///opt/lampp/htdocs/makint/vendor/symfony/http-client-contracts/ResponseStreamInterface.php
Parsing file:///opt/lampp/htdocs/makint/vendor/symfony/http-client-contracts/Exception/ServerExceptionInterface.php
Parsing file:///opt/lampp/htdocs/makint/vendor/symfony/http-client-contracts/Exception/TimeoutExceptionInterface.php
Parsing file:///opt/lampp/htdocs/makint/vendor/symfony/http-client-contracts/Exception/ClientExceptionInterface.php
Parsing file:///opt/lampp/htdocs/makint/vendor/symfony/http-client-contracts/Exception/DecodingExceptionInterface.php
Parsing file:///opt/lampp/htdocs/makint/vendor/symfony/http-client-contracts/Exception/HttpExceptionInterface.php
Parsing file:///opt/lampp/htdocs/makint/vendor/symfony/http-client-contracts/Exception/ExceptionInterface.php
Parsing file:///opt/lampp/htdocs/makint/vendor/symfony/http-client-contracts/Exception/RedirectionExceptionInterface.php
Parsing file:///opt/lampp/htdocs/makint/vendor/symfony/http-client-contracts/Exception/TransportExceptionInterface.php
Parsing file:///opt/lampp/htdocs/makint/vendor/symfony/http-client-contracts/Test/Fixtures/web/index.php
Parsing file:///opt/lampp/htdocs/makint/vendor/symfony/http-client-contracts/Test/TestHttpServer.php
Parsing file:///opt/lampp/htdocs/makint/vendor/symfony/http-client-contracts/Test/HttpClientTestCase.php
Parsing file:///opt/lampp/htdocs/makint/vendor/symfony/http-client-contracts/ResponseInterface.php
Parsing file:///opt/lampp/htdocs/makint/vendor/symfony/http-client-contracts/HttpClientInterface.php
Parsing file:///opt/lampp/htdocs/makint/vendor/symfony/http-client-contracts/ChunkInterface.php
[Info  - 10:56:36 a. m.] Indexing symfony/http-client-contracts:2.5.0 for dynamic references
Parsing file:///opt/lampp/htdocs/makint/vendor/symfony/http-client-contracts/ResponseStreamInterface.php
Parsing file:///opt/lampp/htdocs/makint/vendor/symfony/http-client-contracts/Exception/ServerExceptionInterface.php
Parsing file:///opt/lampp/htdocs/makint/vendor/symfony/http-client-contracts/Exception/TimeoutExceptionInterface.php
Parsing file:///opt/lampp/htdocs/makint/vendor/symfony/http-client-contracts/Exception/ClientExceptionInterface.php
Parsing file:///opt/lampp/htdocs/makint/vendor/symfony/http-client-contracts/Exception/DecodingExceptionInterface.php
Parsing file:///opt/lampp/htdocs/makint/vendor/symfony/http-client-contracts/Exception/HttpExceptionInterface.php
Parsing file:///opt/lampp/htdocs/makint/vendor/symfony/http-client-contracts/Exception/ExceptionInterface.php
Parsing file:///opt/lampp/htdocs/makint/vendor/symfony/http-client-contracts/Exception/RedirectionExceptionInterface.php
Parsing file:///opt/lampp/htdocs/makint/vendor/symfony/http-client-contracts/Exception/TransportExceptionInterface.php
Parsing file:///opt/lampp/htdocs/makint/vendor/symfony/http-client-contracts/Test/Fixtures/web/index.php
Parsing file:///opt/lampp/htdocs/makint/vendor/symfony/http-client-contracts/Test/TestHttpServer.php
Parsing file:///opt/lampp/htdocs/makint/vendor/symfony/http-client-contracts/Test/HttpClientTestCase.php
Parsing file:///opt/lampp/htdocs/makint/vendor/symfony/http-client-contracts/ResponseInterface.php
Parsing file:///opt/lampp/htdocs/makint/vendor/symfony/http-client-contracts/HttpClientInterface.php
Parsing file:///opt/lampp/htdocs/makint/vendor/symfony/http-client-contracts/ChunkInterface.php
[Info  - 10:56:36 a. m.] Storing symfony/http-client-contracts:2.5.0 in cache
[Info  - 10:56:36 a. m.] Indexing symfony/http-client:5.4.5 for definitions and static references
Parsing file:///opt/lampp/htdocs/makint/vendor/symfony/http-client/Retry/RetryStrategyInterface.php
Parsing file:///opt/lampp/htdocs/makint/vendor/symfony/http-client/Retry/GenericRetryStrategy.php
Parsing file:///opt/lampp/htdocs/makint/vendor/symfony/http-client/AmpHttpClient.php
Parsing file:///opt/lampp/htdocs/makint/vendor/symfony/http-client/Internal/AmpListener.php
Parsing file:///opt/lampp/htdocs/makint/vendor/symfony/http-client/Internal/AmpClientState.php
Parsing file:///opt/lampp/htdocs/makint/vendor/symfony/http-client/Internal/AmpResolver.php
Parsing file:///opt/lampp/htdocs/makint/vendor/symfony/http-client/Internal/Canary.php
Parsing file:///opt/lampp/htdocs/makint/vendor/symfony/http-client/Internal/PushedResponse.php
Parsing file:///opt/lampp/htdocs/makint/vendor/symfony/http-client/Internal/ClientState.php
Parsing file:///opt/lampp/htdocs/makint/vendor/symfony/http-client/Internal/DnsCache.php
Parsing file:///opt/lampp/htdocs/makint/vendor/symfony/http-client/Internal/CurlClientState.php
Parsing file:///opt/lampp/htdocs/makint/vendor/symfony/http-client/Internal/HttplugWaitLoop.php
Parsing file:///opt/lampp/htdocs/makint/vendor/symfony/http-client/Internal/NativeClientState.php
Parsing file:///opt/lampp/htdocs/makint/vendor/symfony/http-client/Internal/AmpBody.php
Parsing file:///opt/lampp/htdocs/makint/vendor/symfony/http-client/CurlHttpClient.php
Parsing file:///opt/lampp/htdocs/makint/vendor/symfony/http-client/DataCollector/HttpClientDataCollector.php
Parsing file:///opt/lampp/htdocs/makint/vendor/symfony/http-client/AsyncDecoratorTrait.php
Parsing file:///opt/lampp/htdocs/makint/vendor/symfony/http-client/Exception/InvalidArgumentException.php
Parsing file:///opt/lampp/htdocs/makint/vendor/symfony/http-client/Exception/RedirectionException.php
Parsing file:///opt/lampp/htdocs/makint/vendor/symfony/http-client/Exception/EventSourceException.php
Parsing file:///opt/lampp/htdocs/makint/vendor/symfony/http-client/Exception/TimeoutException.php
Parsing file:///opt/lampp/htdocs/makint/vendor/symfony/http-client/Exception/ServerException.php
Parsing file:///opt/lampp/htdocs/makint/vendor/symfony/http-client/Exception/HttpExceptionTrait.php
Parsing file:///opt/lampp/htdocs/makint/vendor/symfony/http-client/Exception/JsonException.php
Parsing file:///opt/lampp/htdocs/makint/vendor/symfony/http-client/Exception/ClientException.php
Parsing file:///opt/lampp/htdocs/makint/vendor/symfony/http-client/Exception/TransportException.php
Parsing file:///opt/lampp/htdocs/makint/vendor/symfony/http-client/HttpOptions.php
Parsing file:///opt/lampp/htdocs/makint/vendor/symfony/http-client/ScopingHttpClient.php
Parsing file:///opt/lampp/htdocs/makint/vendor/symfony/http-client/Response/AsyncContext.php
Parsing file:///opt/lampp/htdocs/makint/vendor/symfony/http-client/Response/HttplugPromise.php
Parsing file:///opt/lampp/htdocs/makint/vendor/symfony/http-client/Response/ResponseStream.php
Parsing file:///opt/lampp/htdocs/makint/vendor/symfony/http-client/Response/MockResponse.php
Parsing file:///opt/lampp/htdocs/makint/vendor/symfony/http-client/Response/StreamableInterface.php
Parsing file:///opt/lampp/htdocs/makint/vendor/symfony/http-client/Response/CommonResponseTrait.php
Parsing file:///opt/lampp/htdocs/makint/vendor/symfony/http-client/Response/AmpResponse.php
Parsing file:///opt/lampp/htdocs/makint/vendor/symfony/http-client/Response/NativeResponse.php
Parsing file:///opt/lampp/htdocs/makint/vendor/symfony/http-client/Response/TraceableResponse.php
Parsing file:///opt/lampp/htdocs/makint/vendor/symfony/http-client/Response/TransportResponseTrait.php
Parsing file:///opt/lampp/htdocs/makint/vendor/symfony/http-client/Response/AsyncResponse.php
Parsing file:///opt/lampp/htdocs/makint/vendor/symfony/http-client/Response/CurlResponse.php
Parsing file:///opt/lampp/htdocs/makint/vendor/symfony/http-client/Response/StreamWrapper.php
Parsing file:///opt/lampp/htdocs/makint/vendor/symfony/http-client/NoPrivateNetworkHttpClient.php
Parsing file:///opt/lampp/htdocs/makint/vendor/symfony/http-client/DecoratorTrait.php
Parsing file:///opt/lampp/htdocs/makint/vendor/symfony/http-client/RetryableHttpClient.php
Parsing file:///opt/lampp/htdocs/makint/vendor/symfony/http-client/HttpClientTrait.php
Parsing file:///opt/lampp/htdocs/makint/vendor/symfony/http-client/MockHttpClient.php
Parsing file:///opt/lampp/htdocs/makint/vendor/symfony/http-client/EventSourceHttpClient.php
Parsing file:///opt/lampp/htdocs/makint/vendor/symfony/http-client/DependencyInjection/HttpClientPass.php
Parsing file:///opt/lampp/htdocs/makint/vendor/symfony/http-client/NativeHttpClient.php
Parsing file:///opt/lampp/htdocs/makint/vendor/symfony/http-client/CachingHttpClient.php
Parsing file:///opt/lampp/htdocs/makint/vendor/symfony/http-client/HttpClient.php
Parsing file:///opt/lampp/htdocs/makint/vendor/symfony/http-client/Psr18Client.php
Parsing file:///opt/lampp/htdocs/makint/vendor/symfony/http-client/HttplugClient.php
Parsing file:///opt/lampp/htdocs/makint/vendor/symfony/http-client/Chunk/ErrorChunk.php
Parsing file:///opt/lampp/htdocs/makint/vendor/symfony/http-client/Chunk/ServerSentEvent.php
Parsing file:///opt/lampp/htdocs/makint/vendor/symfony/http-client/Chunk/FirstChunk.php
Parsing file:///opt/lampp/htdocs/makint/vendor/symfony/http-client/Chunk/InformationalChunk.php
Parsing file:///opt/lampp/htdocs/makint/vendor/symfony/http-client/Chunk/LastChunk.php
Parsing file:///opt/lampp/htdocs/makint/vendor/symfony/http-client/Chunk/DataChunk.php
Parsing file:///opt/lampp/htdocs/makint/vendor/symfony/http-client/TraceableHttpClient.php
[Info  - 10:56:37 a. m.] Indexing symfony/http-client:5.4.5 for dynamic references
Parsing file:///opt/lampp/htdocs/makint/vendor/symfony/http-client/Retry/RetryStrategyInterface.php
Parsing file:///opt/lampp/htdocs/makint/vendor/symfony/http-client/Retry/GenericRetryStrategy.php
Parsing file:///opt/lampp/htdocs/makint/vendor/symfony/http-client/AmpHttpClient.php
Parsing file:///opt/lampp/htdocs/makint/vendor/symfony/http-client/Internal/AmpListener.php
Parsing file:///opt/lampp/htdocs/makint/vendor/symfony/http-client/Internal/AmpClientState.php
Parsing file:///opt/lampp/htdocs/makint/vendor/symfony/http-client/Internal/AmpResolver.php
Parsing file:///opt/lampp/htdocs/makint/vendor/symfony/http-client/Internal/Canary.php
Parsing file:///opt/lampp/htdocs/makint/vendor/symfony/http-client/Internal/PushedResponse.php
Parsing file:///opt/lampp/htdocs/makint/vendor/symfony/http-client/Internal/ClientState.php
Parsing file:///opt/lampp/htdocs/makint/vendor/symfony/http-client/Internal/DnsCache.php
Parsing file:///opt/lampp/htdocs/makint/vendor/symfony/http-client/Internal/CurlClientState.php
Parsing file:///opt/lampp/htdocs/makint/vendor/symfony/http-client/Internal/HttplugWaitLoop.php
Parsing file:///opt/lampp/htdocs/makint/vendor/symfony/http-client/Internal/NativeClientState.php
Parsing file:///opt/lampp/htdocs/makint/vendor/symfony/http-client/Internal/AmpBody.php
Parsing file:///opt/lampp/htdocs/makint/vendor/symfony/http-client/CurlHttpClient.php
Parsing file:///opt/lampp/htdocs/makint/vendor/symfony/http-client/DataCollector/HttpClientDataCollector.php
Parsing file:///opt/lampp/htdocs/makint/vendor/symfony/http-client/AsyncDecoratorTrait.php
Parsing file:///opt/lampp/htdocs/makint/vendor/symfony/http-client/Exception/InvalidArgumentException.php
Parsing file:///opt/lampp/htdocs/makint/vendor/symfony/http-client/Exception/RedirectionException.php
Parsing file:///opt/lampp/htdocs/makint/vendor/symfony/http-client/Exception/EventSourceException.php
Parsing file:///opt/lampp/htdocs/makint/vendor/symfony/http-client/Exception/TimeoutException.php
Parsing file:///opt/lampp/htdocs/makint/vendor/symfony/http-client/Exception/ServerException.php
Parsing file:///opt/lampp/htdocs/makint/vendor/symfony/http-client/Exception/HttpExceptionTrait.php
Parsing file:///opt/lampp/htdocs/makint/vendor/symfony/http-client/Exception/JsonException.php
Parsing file:///opt/lampp/htdocs/makint/vendor/symfony/http-client/Exception/ClientException.php
Parsing file:///opt/lampp/htdocs/makint/vendor/symfony/http-client/Exception/TransportException.php
Parsing file:///opt/lampp/htdocs/makint/vendor/symfony/http-client/HttpOptions.php
Parsing file:///opt/lampp/htdocs/makint/vendor/symfony/http-client/ScopingHttpClient.php
Parsing file:///opt/lampp/htdocs/makint/vendor/symfony/http-client/Response/AsyncContext.php
Parsing file:///opt/lampp/htdocs/makint/vendor/symfony/http-client/Response/HttplugPromise.php
Parsing file:///opt/lampp/htdocs/makint/vendor/symfony/http-client/Response/ResponseStream.php
Parsing file:///opt/lampp/htdocs/makint/vendor/symfony/http-client/Response/MockResponse.php
Parsing file:///opt/lampp/htdocs/makint/vendor/symfony/http-client/Response/StreamableInterface.php
Parsing file:///opt/lampp/htdocs/makint/vendor/symfony/http-client/Response/CommonResponseTrait.php
Parsing file:///opt/lampp/htdocs/makint/vendor/symfony/http-client/Response/AmpResponse.php
Parsing file:///opt/lampp/htdocs/makint/vendor/symfony/http-client/Response/NativeResponse.php
Parsing file:///opt/lampp/htdocs/makint/vendor/symfony/http-client/Response/TraceableResponse.php
Parsing file:///opt/lampp/htdocs/makint/vendor/symfony/http-client/Response/TransportResponseTrait.php
Parsing file:///opt/lampp/htdocs/makint/vendor/symfony/http-client/Response/AsyncResponse.php
Parsing file:///opt/lampp/htdocs/makint/vendor/symfony/http-client/Response/CurlResponse.php
Parsing file:///opt/lampp/htdocs/makint/vendor/symfony/http-client/Response/StreamWrapper.php
Parsing file:///opt/lampp/htdocs/makint/vendor/symfony/http-client/NoPrivateNetworkHttpClient.php
Parsing file:///opt/lampp/htdocs/makint/vendor/symfony/http-client/DecoratorTrait.php
Parsing file:///opt/lampp/htdocs/makint/vendor/symfony/http-client/RetryableHttpClient.php
Parsing file:///opt/lampp/htdocs/makint/vendor/symfony/http-client/HttpClientTrait.php
Parsing file:///opt/lampp/htdocs/makint/vendor/symfony/http-client/MockHttpClient.php
Parsing file:///opt/lampp/htdocs/makint/vendor/symfony/http-client/EventSourceHttpClient.php
Parsing file:///opt/lampp/htdocs/makint/vendor/symfony/http-client/DependencyInjection/HttpClientPass.php
Parsing file:///opt/lampp/htdocs/makint/vendor/symfony/http-client/NativeHttpClient.php
Parsing file:///opt/lampp/htdocs/makint/vendor/symfony/http-client/CachingHttpClient.php
Parsing file:///opt/lampp/htdocs/makint/vendor/symfony/http-client/HttpClient.php
Parsing file:///opt/lampp/htdocs/makint/vendor/symfony/http-client/Psr18Client.php
Parsing file:///opt/lampp/htdocs/makint/vendor/symfony/http-client/HttplugClient.php
Parsing file:///opt/lampp/htdocs/makint/vendor/symfony/http-client/Chunk/ErrorChunk.php
Parsing file:///opt/lampp/htdocs/makint/vendor/symfony/http-client/Chunk/ServerSentEvent.php
Parsing file:///opt/lampp/htdocs/makint/vendor/symfony/http-client/Chunk/FirstChunk.php
Parsing file:///opt/lampp/htdocs/makint/vendor/symfony/http-client/Chunk/InformationalChunk.php
Parsing file:///opt/lampp/htdocs/makint/vendor/symfony/http-client/Chunk/LastChunk.php
Parsing file:///opt/lampp/htdocs/makint/vendor/symfony/http-client/Chunk/DataChunk.php
Parsing file:///opt/lampp/htdocs/makint/vendor/symfony/http-client/TraceableHttpClient.php
[Info  - 10:56:39 a. m.] Storing symfony/http-client:5.4.5 in cache
[Info  - 10:56:39 a. m.] Indexing fabpot/goutte:4.0.2 for definitions and static references
Parsing file:///opt/lampp/htdocs/makint/vendor/fabpot/goutte/Goutte/Client.php
Parsing file:///opt/lampp/htdocs/makint/vendor/fabpot/goutte/Goutte/Tests/ClientTest.php
Parsing file:///opt/lampp/htdocs/makint/vendor/fabpot/goutte/Goutte/Resources/phar-stub.php
[Info  - 10:56:39 a. m.] Indexing fabpot/goutte:4.0.2 for dynamic references
Parsing file:///opt/lampp/htdocs/makint/vendor/fabpot/goutte/Goutte/Client.php
Parsing file:///opt/lampp/htdocs/makint/vendor/fabpot/goutte/Goutte/Tests/ClientTest.php
Parsing file:///opt/lampp/htdocs/makint/vendor/fabpot/goutte/Goutte/Resources/phar-stub.php
[Info  - 10:56:39 a. m.] Storing fabpot/goutte:4.0.2 in cache
[Info  - 10:56:39 a. m.] All 294 PHP files parsed in 7 seconds. 218 MiB allocated.
