[2022-03-12T14:56:30.397Z] Validating found git in: git
[2022-03-12T14:56:30.409Z] Using git 2.25.1 from git
[2022-03-12T14:57:04.339Z] > git rev-parse --git-dir [1ms]
[2022-03-12T14:57:04.343Z] Open repository: /opt/lampp/htdocs/makint
[2022-03-12T14:57:04.370Z] > git symbolic-ref --short HEAD [0ms]
[2022-03-12T14:57:04.374Z] > git for-each-ref --format=%(refname)%00%(upstream:short)%00%(objectname)%00%(upstream:track) refs/heads/master refs/remotes/master [1ms]
[2022-03-12T14:57:04.381Z] > git remote --verbose [1ms]
[2022-03-12T14:57:04.381Z] > git for-each-ref --sort -committerdate --format %(refname) %(objectname) %(*objectname) [4ms]
[2022-03-12T14:57:04.395Z] > git config --get commit.template [1ms]
[2022-03-12T14:57:04.769Z] > git ls-files --stage -- /opt/lampp/htdocs/makint/.gitignore [1ms]
[2022-03-12T14:57:07.899Z] > git symbolic-ref --short HEAD [1ms]
[2022-03-12T14:57:07.903Z] > git for-each-ref --format=%(refname)%00%(upstream:short)%00%(objectname)%00%(upstream:track) refs/heads/master refs/remotes/master [1ms]
[2022-03-12T14:57:07.908Z] > git for-each-ref --sort -committerdate --format %(refname) %(objectname) %(*objectname) [3ms]
[2022-03-12T14:57:07.909Z] > git remote --verbose [1ms]
[2022-03-12T14:57:07.919Z] > git config --get commit.template [1ms]
[2022-03-12T14:57:12.952Z] > git symbolic-ref --short HEAD [3ms]
[2022-03-12T14:57:12.963Z] > git for-each-ref --format=%(refname)%00%(upstream:short)%00%(objectname)%00%(upstream:track) refs/heads/master refs/remotes/master [1ms]
[2022-03-12T14:57:12.970Z] > git for-each-ref --sort -committerdate --format %(refname) %(objectname) %(*objectname) [3ms]
[2022-03-12T14:57:12.970Z] > git remote --verbose [0ms]
[2022-03-12T14:57:12.979Z] > git config --get commit.template [1ms]
[2022-03-12T14:58:08.600Z] > git symbolic-ref --short HEAD [1ms]
[2022-03-12T14:58:08.604Z] > git for-each-ref --format=%(refname)%00%(upstream:short)%00%(objectname)%00%(upstream:track) refs/heads/master refs/remotes/master [0ms]
[2022-03-12T14:58:08.612Z] > git for-each-ref --sort -committerdate --format %(refname) %(objectname) %(*objectname) [4ms]
[2022-03-12T14:58:08.612Z] > git remote --verbose [1ms]
[2022-03-12T14:58:08.620Z] > git config --get commit.template [1ms]
[2022-03-12T14:58:08.631Z] > git ls-files --stage -- /opt/lampp/htdocs/makint/.gitignore [2ms]
[2022-03-12T14:58:08.634Z] > git cat-file -s 49ce3c193f83295e932ffb427c3d515c19b50b18 [0ms]
[2022-03-12T14:58:13.634Z] > git symbolic-ref --short HEAD [1ms]
[2022-03-12T14:58:13.637Z] > git for-each-ref --format=%(refname)%00%(upstream:short)%00%(objectname)%00%(upstream:track) refs/heads/master refs/remotes/master [1ms]
[2022-03-12T14:58:13.643Z] > git for-each-ref --sort -committerdate --format %(refname) %(objectname) %(*objectname) [3ms]
[2022-03-12T14:58:13.643Z] > git remote --verbose [1ms]
[2022-03-12T14:58:13.648Z] > git config --get commit.template [1ms]
[2022-03-12T14:58:18.665Z] > git symbolic-ref --short HEAD [1ms]
[2022-03-12T14:58:18.669Z] > git for-each-ref --format=%(refname)%00%(upstream:short)%00%(objectname)%00%(upstream:track) refs/heads/master refs/remotes/master [1ms]
[2022-03-12T14:58:18.674Z] > git for-each-ref --sort -committerdate --format %(refname) %(objectname) %(*objectname) [3ms]
[2022-03-12T14:58:18.674Z] > git remote --verbose [1ms]
[2022-03-12T14:58:18.678Z] > git config --get commit.template [0ms]
[2022-03-12T14:58:23.696Z] > git symbolic-ref --short HEAD [1ms]
[2022-03-12T14:58:23.699Z] > git for-each-ref --format=%(refname)%00%(upstream:short)%00%(objectname)%00%(upstream:track) refs/heads/master refs/remotes/master [0ms]
[2022-03-12T14:58:23.705Z] > git for-each-ref --sort -committerdate --format %(refname) %(objectname) %(*objectname) [3ms]
[2022-03-12T14:58:23.705Z] > git remote --verbose [1ms]
[2022-03-12T14:58:23.709Z] > git config --get commit.template [0ms]
[2022-03-12T14:58:28.732Z] > git symbolic-ref --short HEAD [2ms]
[2022-03-12T14:58:28.742Z] > git for-each-ref --format=%(refname)%00%(upstream:short)%00%(objectname)%00%(upstream:track) refs/heads/master refs/remotes/master [3ms]
[2022-03-12T14:58:28.756Z] > git for-each-ref --sort -committerdate --format %(refname) %(objectname) %(*objectname) [7ms]
[2022-03-12T14:58:28.757Z] > git remote --verbose [2ms]
[2022-03-12T14:58:28.768Z] > git config --get commit.template [2ms]
[2022-03-12T14:59:11.762Z] > git symbolic-ref --short HEAD [6ms]
[2022-03-12T14:59:11.768Z] > git for-each-ref --format=%(refname)%00%(upstream:short)%00%(objectname)%00%(upstream:track) refs/heads/master refs/remotes/master [2ms]
[2022-03-12T14:59:11.775Z] > git for-each-ref --sort -committerdate --format %(refname) %(objectname) %(*objectname) [4ms]
[2022-03-12T14:59:11.775Z] > git remote --verbose [0ms]
[2022-03-12T14:59:11.780Z] > git config --get commit.template [1ms]
[2022-03-12T14:59:16.797Z] > git symbolic-ref --short HEAD [1ms]
[2022-03-12T14:59:16.801Z] > git for-each-ref --format=%(refname)%00%(upstream:short)%00%(objectname)%00%(upstream:track) refs/heads/master refs/remotes/master [1ms]
[2022-03-12T14:59:16.806Z] > git for-each-ref --sort -committerdate --format %(refname) %(objectname) %(*objectname) [3ms]
[2022-03-12T14:59:16.806Z] > git remote --verbose [1ms]
[2022-03-12T14:59:16.810Z] > git config --get commit.template [1ms]
[2022-03-12T14:59:26.364Z] > git ls-files --stage -- /opt/lampp/htdocs/makint/.gitignore [4ms]
[2022-03-12T14:59:26.367Z] > git symbolic-ref --short HEAD [4ms]
[2022-03-12T14:59:26.371Z] > git cat-file -s a725465aee245635a2bd129af54858ed32c84cb8 [4ms]
[2022-03-12T14:59:26.371Z] > git for-each-ref --format=%(refname)%00%(upstream:short)%00%(objectname)%00%(upstream:track) refs/heads/master refs/remotes/master [1ms]
[2022-03-12T14:59:26.377Z] > git for-each-ref --sort -committerdate --format %(refname) %(objectname) %(*objectname) [3ms]
[2022-03-12T14:59:26.377Z] > git remote --verbose [1ms]
[2022-03-12T14:59:26.384Z] > git config --get commit.template [4ms]
[2022-03-12T14:59:38.707Z] > git symbolic-ref --short HEAD [0ms]
[2022-03-12T14:59:38.712Z] > git for-each-ref --format=%(refname)%00%(upstream:short)%00%(objectname)%00%(upstream:track) refs/heads/master refs/remotes/master [1ms]
[2022-03-12T14:59:38.718Z] > git for-each-ref --sort -committerdate --format %(refname) %(objectname) %(*objectname) [3ms]
[2022-03-12T14:59:38.719Z] > git remote --verbose [1ms]
[2022-03-12T14:59:38.723Z] > git config --get commit.template [1ms]
[2022-03-12T14:59:43.824Z] > git symbolic-ref --short HEAD [1ms]
[2022-03-12T14:59:43.828Z] > git for-each-ref --format=%(refname)%00%(upstream:short)%00%(objectname)%00%(upstream:track) refs/heads/master refs/remotes/master [1ms]
[2022-03-12T14:59:43.833Z] > git for-each-ref --sort -committerdate --format %(refname) %(objectname) %(*objectname) [3ms]
[2022-03-12T14:59:43.833Z] > git remote --verbose [0ms]
[2022-03-12T14:59:43.837Z] > git config --get commit.template [1ms]
[2022-03-12T15:00:16.975Z] > git ls-files --stage -- /opt/lampp/htdocs/makint/.gitignore [4ms]
[2022-03-12T15:00:16.978Z] > git symbolic-ref --short HEAD [3ms]
[2022-03-12T15:00:16.982Z] > git cat-file -s a725465aee245635a2bd129af54858ed32c84cb8 [4ms]
[2022-03-12T15:00:16.982Z] > git for-each-ref --format=%(refname)%00%(upstream:short)%00%(objectname)%00%(upstream:track) refs/heads/master refs/remotes/master [1ms]
[2022-03-12T15:00:16.988Z] > git for-each-ref --sort -committerdate --format %(refname) %(objectname) %(*objectname) [3ms]
[2022-03-12T15:00:16.989Z] > git remote --verbose [1ms]
[2022-03-12T15:00:16.996Z] > git config --get commit.template [4ms]
[2022-03-12T15:00:22.036Z] > git symbolic-ref --short HEAD [4ms]
[2022-03-12T15:00:22.050Z] > git for-each-ref --format=%(refname)%00%(upstream:short)%00%(objectname)%00%(upstream:track) refs/heads/master refs/remotes/master [3ms]
[2022-03-12T15:00:22.067Z] > git for-each-ref --sort -committerdate --format %(refname) %(objectname) %(*objectname) [8ms]
[2022-03-12T15:00:22.068Z] > git remote --verbose [2ms]
[2022-03-12T15:00:22.076Z] > git config --get commit.template [1ms]
[2022-03-12T15:00:27.113Z] > git symbolic-ref --short HEAD [3ms]
[2022-03-12T15:00:27.125Z] > git for-each-ref --format=%(refname)%00%(upstream:short)%00%(objectname)%00%(upstream:track) refs/heads/master refs/remotes/master [3ms]
[2022-03-12T15:00:27.145Z] > git for-each-ref --sort -committerdate --format %(refname) %(objectname) %(*objectname) [11ms]
[2022-03-12T15:00:27.146Z] > git remote --verbose [3ms]
[2022-03-12T15:00:27.159Z] > git config --get commit.template [2ms]
[2022-03-12T15:00:28.718Z] > git log --format=%H%n%aN%n%aE%n%at%n%ct%n%P%n%B -z -n21 -- /opt/lampp/htdocs/makint/.gitignore [1ms]
[2022-03-12T15:00:32.197Z] > git symbolic-ref --short HEAD [3ms]
[2022-03-12T15:00:32.209Z] > git for-each-ref --format=%(refname)%00%(upstream:short)%00%(objectname)%00%(upstream:track) refs/heads/master refs/remotes/master [3ms]
[2022-03-12T15:00:32.230Z] > git for-each-ref --sort -committerdate --format %(refname) %(objectname) %(*objectname) [12ms]
[2022-03-12T15:00:32.233Z] > git remote --verbose [6ms]
[2022-03-12T15:00:32.248Z] > git config --get commit.template [4ms]
[2022-03-12T15:00:37.265Z] > git symbolic-ref --short HEAD [1ms]
[2022-03-12T15:00:37.269Z] > git for-each-ref --format=%(refname)%00%(upstream:short)%00%(objectname)%00%(upstream:track) refs/heads/master refs/remotes/master [2ms]
[2022-03-12T15:00:37.274Z] > git for-each-ref --sort -committerdate --format %(refname) %(objectname) %(*objectname) [3ms]
[2022-03-12T15:00:37.274Z] > git remote --verbose [0ms]
[2022-03-12T15:00:37.278Z] > git config --get commit.template [1ms]
[2022-03-12T15:00:42.296Z] > git symbolic-ref --short HEAD [1ms]
[2022-03-12T15:00:42.299Z] > git for-each-ref --format=%(refname)%00%(upstream:short)%00%(objectname)%00%(upstream:track) refs/heads/master refs/remotes/master [1ms]
[2022-03-12T15:00:42.304Z] > git for-each-ref --sort -committerdate --format %(refname) %(objectname) %(*objectname) [3ms]
[2022-03-12T15:00:42.304Z] > git remote --verbose [1ms]
[2022-03-12T15:00:42.308Z] > git config --get commit.template [1ms]
