[Info  - 11:03:25 a. m.] Initialising intelephense 1.8.2
[Info  - 11:03:25 a. m.] Initialised in 6 ms
[Info  - 11:03:25 a. m.] Environment changed. Refreshing 1 in memory documents.
[Info  - 11:03:25 a. m.] Searching file:///root/.vscode/extensions/bmewburn.vscode-intelephense-client-1.8.2/node_modules/intelephense/lib/stub for files to index.
[Info  - 11:03:25 a. m.] Searching file:///opt/lampp/htdocs/makint for files to index.
[Info  - 11:03:25 a. m.] Indexing started.
[Info  - 11:03:27 a. m.] Indexing ended. 438 files indexed in 1s.
[Info  - 11:03:27 a. m.] Writing state to /opt/lampp/htdocs/makint/~/.vscode-root/User/workspaceStorage/36ccad3f18a62e19407d5d1e5269cdec/bmewburn.vscode-intelephense-client/5e1c1a69.
[Info  - 11:03:27 a. m.] Wrote state in 0.2s.
[Info  - 11:39:30 a. m.] Indexing started.
[Info  - 11:39:30 a. m.] Indexing ended. 1 files indexed in 0s.
[Info  - 11:40:43 a. m.] Indexing started.
[Info  - 11:40:43 a. m.] Indexing ended. 1 files indexed in 0s.
[Info  - 11:41:00 a. m.] Indexing started.
[Info  - 11:41:00 a. m.] Indexing ended. 1 files indexed in 0s.
[Info  - 11:44:56 a. m.] Indexing started.
[Info  - 11:44:56 a. m.] Indexing ended. 1 files indexed in 0s.
[Info  - 11:45:37 a. m.] Indexing started.
[Info  - 11:45:37 a. m.] Indexing ended. 1 files indexed in 0s.
[Info  - 11:49:13 a. m.] Indexing started.
[Info  - 11:49:14 a. m.] Indexing ended. 1 files indexed in 0s.
